[debug] [2025-07-08T15:17:17.416Z] ----------------------------------------------------------------------
[debug] [2025-07-08T15:17:17.420Z] Command:       C:\Program Files\nodejs\node.exe C:\Users\agust\AppData\Roaming\npm\node_modules\firebase-tools\lib\bin\firebase.js deploy --only hosting
[debug] [2025-07-08T15:17:17.420Z] CLI Version:   14.9.0
[debug] [2025-07-08T15:17:17.421Z] Platform:      win32
[debug] [2025-07-08T15:17:17.421Z] Node Version:  v22.14.0
[debug] [2025-07-08T15:17:17.422Z] Time:          Tue Jul 08 2025 12:17:17 GMT-0300 (hora estándar de Argentina)
[debug] [2025-07-08T15:17:17.422Z] ----------------------------------------------------------------------
[debug] 
[debug] [2025-07-08T15:17:17.702Z] Object "" in "firebase.json" has unknown property: {"additionalProperty":"rewrites"}
[debug] [2025-07-08T15:17:17.709Z] > command requires scopes: ["email","openid","https://www.googleapis.com/auth/cloudplatformprojects.readonly","https://www.googleapis.com/auth/firebase","https://www.googleapis.com/auth/cloud-platform"]
[debug] [2025-07-08T15:17:17.709Z] > authorizing via signed-in user (agusgioia@gmail.com)
[debug] [2025-07-08T15:17:17.710Z] [iam] checking project essex-40828 for permissions ["firebase.projects.get","firebasehosting.sites.update"]
[debug] [2025-07-08T15:17:17.711Z] Checked if tokens are valid: true, expires at: 1751989001997
[debug] [2025-07-08T15:17:17.711Z] Checked if tokens are valid: true, expires at: 1751989001997
[debug] [2025-07-08T15:17:17.713Z] >>> [apiv2][query] POST https://cloudresourcemanager.googleapis.com/v1/projects/essex-40828:testIamPermissions [none]
[debug] [2025-07-08T15:17:17.713Z] >>> [apiv2][(partial)header] POST https://cloudresourcemanager.googleapis.com/v1/projects/essex-40828:testIamPermissions x-goog-quota-user=projects/essex-40828
[debug] [2025-07-08T15:17:17.713Z] >>> [apiv2][body] POST https://cloudresourcemanager.googleapis.com/v1/projects/essex-40828:testIamPermissions {"permissions":["firebase.projects.get","firebasehosting.sites.update"]}
[debug] [2025-07-08T15:17:18.993Z] <<< [apiv2][status] POST https://cloudresourcemanager.googleapis.com/v1/projects/essex-40828:testIamPermissions 200
[debug] [2025-07-08T15:17:18.993Z] <<< [apiv2][body] POST https://cloudresourcemanager.googleapis.com/v1/projects/essex-40828:testIamPermissions {"permissions":["firebase.projects.get","firebasehosting.sites.update"]}
[debug] [2025-07-08T15:17:18.995Z] Checked if tokens are valid: true, expires at: 1751989001997
[debug] [2025-07-08T15:17:18.995Z] Checked if tokens are valid: true, expires at: 1751989001997
[debug] [2025-07-08T15:17:18.995Z] >>> [apiv2][query] GET https://firebase.googleapis.com/v1beta1/projects/essex-40828 [none]
[debug] [2025-07-08T15:17:19.489Z] <<< [apiv2][status] GET https://firebase.googleapis.com/v1beta1/projects/essex-40828 200
[debug] [2025-07-08T15:17:19.489Z] <<< [apiv2][body] GET https://firebase.googleapis.com/v1beta1/projects/essex-40828 {"projectId":"essex-40828","projectNumber":"250585294801","displayName":"Essex","name":"projects/essex-40828","resources":{"hostingSite":"essex-40828"},"state":"ACTIVE","etag":"1_6c56c217-5fd6-4917-9149-8c03cb754b55"}
[info] 
[info] === Deploying to 'essex-40828'...
[info] 
[info] i  deploying hosting 
[debug] [2025-07-08T15:17:19.498Z] Checked if tokens are valid: true, expires at: 1751989001997
[debug] [2025-07-08T15:17:19.498Z] Checked if tokens are valid: true, expires at: 1751989001997
[debug] [2025-07-08T15:17:19.498Z] >>> [apiv2][query] POST https://firebasehosting.googleapis.com/v1beta1/projects/-/sites/essex-40828/versions [none]
[debug] [2025-07-08T15:17:19.498Z] >>> [apiv2][body] POST https://firebasehosting.googleapis.com/v1beta1/projects/-/sites/essex-40828/versions {"status":"CREATED","labels":{"deployment-tool":"cli-firebase"}}
[debug] [2025-07-08T15:17:21.433Z] <<< [apiv2][status] POST https://firebasehosting.googleapis.com/v1beta1/projects/-/sites/essex-40828/versions 200
[debug] [2025-07-08T15:17:21.434Z] <<< [apiv2][body] POST https://firebasehosting.googleapis.com/v1beta1/projects/-/sites/essex-40828/versions {"name":"projects/250585294801/sites/essex-40828/versions/fef875e8275d2c56","status":"CREATED","config":{},"labels":{"deployment-tool":"cli-firebase"}}
[info] i  hosting[essex-40828]: beginning deploy... 
[info] i  hosting[essex-40828]: found 26 files in build 
[debug] [2025-07-08T15:17:21.468Z] [hosting] uploading with 200 concurrency
[debug] [2025-07-08T15:17:21.479Z] Checked if tokens are valid: true, expires at: 1751989001997
[debug] [2025-07-08T15:17:21.479Z] Checked if tokens are valid: true, expires at: 1751989001997
[debug] [2025-07-08T15:17:21.481Z] [hosting] hash cache [YnVpbGQ] stored for 26 files
[debug] [2025-07-08T15:17:21.481Z] [hosting][hash queue][FINAL] {"max":5,"min":0,"avg":0,"active":0,"complete":26,"success":26,"errored":0,"retried":0,"total":26,"elapsed":9}
[debug] [2025-07-08T15:17:21.482Z] >>> [apiv2][query] POST https://firebasehosting.googleapis.com/v1beta1/projects/250585294801/sites/essex-40828/versions/fef875e8275d2c56:populateFiles [none]
[debug] [2025-07-08T15:17:21.482Z] >>> [apiv2][body] POST https://firebasehosting.googleapis.com/v1beta1/projects/250585294801/sites/essex-40828/versions/fef875e8275d2c56:populateFiles {"files":{"/robots.txt":"bfe106a3fb878dc83461c86818bf74fc1bdc7f28538ba613cd3e775516ce8b49","/manifest.json":"ee04fb47e525c67d8424ffe9b4d8a8a24e434504478afca4e0ca602146836d4c","/logo512.png":"212b102aa09e51b3b3e06647e81f7801a61333e171f6582e8124379aabccb41d","/logo192.png":"79e2b749561016bc8af300ea19f48347ceed3cb1a54f48ae456172eca45e08f0","/index.html":"9f331575f78ee884f60948fa77f9b7362d54820fac94787fd3b7c9887a3b15c7","/favicon.ico":"27edce7be5922cf0bef7d4136f69b5bfbdd5bf8c13c7b026f71187d41a00aa7d","/asset-manifest.json":"0f477778d42c485ff0b7ba846f7ed6019fe6a091d0426bcc00b31b276a2afbe4","/404.html":"762bf484ba67404bd1a3b181546ea28d60dfddf18e9dd4795d8d25bcf3c1a890","/static/media/primeicons.ff0c4cd79b2ffca2de54.eot":"58186660a4f4382d9df3a795f5be881b15220eb6222215d6bb5bbf33c3560df8","/static/media/primeicons.a5c2a53d1ff7a9ff5933.ttf":"6596573e16d685d57e673037889cd8ef3688f8729b5411ac9fe4f32139a4b7b1","/static/media/primeicons.8931fda1930c3bd21e96.woff":"56fddac89d4b32193f0dd9506cc6ab8f0fe56cb553e9ccd371c642c6e0b7bb90","/static/media/primeicons.6ed59f962963a4a73af2.svg":"77c36f1116e3b68171615c8f31ab848ff68077677410cacb296a59467abc053a","/static/media/primeicons.024b32cc7bf399b1a847.woff2":"20c02fe8aebb8eb5091acb2885aef3eb3a633404d0756f9be0d8b123e5608432","/static/media/InterVariable.a0e477f2f1f9d2376fde.woff2":"f0b9978bc411f4420e18f0e9b63458a9cc3df119203397472197318a0b2a0bec","/static/media/InterVariable-Italic.e295f70fe3e2df296c7b.woff2":"002138a3dcf1d1ce420a2baafe36f6399c6e06359a21777c085112b12bd925f6","/static/media/fondo.b3571f31b63d3513419b.png":"1efbb4305f13e7288a358a1d027a1d2a90a3c1d7f1f5f656682ab35f46a91e26","/static/js/main.09530429.js.map":"3014194315320e503739a83f878a7968a51be093903cf2d3af8870b7a117f2d5","/static/js/main.09530429.js.LICENSE.txt":"692c6985698699793f6185398871f894bc9e21bd48db6a3954e475ddd34db22c","/static/js/main.09530429.js":"c07aa9d58c6fb1f93f67b2a34b581963420e29a06a711af514ed1716c0943dca","/static/js/884.03fd736c.chunk.js.map":"a49b38d4560656bfbe6b05791f0673411e8722ef66f005dcabc8400add2f2005","/static/js/884.03fd736c.chunk.js.LICENSE.txt":"539dfb1525fe11d93bf2ca17e8a0440c9584492ebe817bc393fce055f52b7a6f","/static/js/884.03fd736c.chunk.js":"b10ba84f44a8f85d905b702a3103d4e37cb4fb34a607cec361437f4d5aa61a71","/static/js/692.6b75563a.chunk.js.map":"524e3f7cd93d1317a94fae51c2e18f94ace7d49e1a11d171207e00be3a3b4d20","/static/js/692.6b75563a.chunk.js":"410772e968951623916362b753bce9f0c78b504025c92622af59c320f2be752d","/static/css/main.0e538c1b.css.map":"791e6a4d4ae9a44e81815174e841fe816e4f44b543b774b14ebcf4d0b30edcdd","/static/css/main.0e538c1b.css":"29f0a4fce06bd21dcbfe46679943e73eafded704503c12ce622d1895b47b5a29"}}
